[debug] [2026-03-17T20:52:19.139Z] ----------------------------------------------------------------------
[debug] [2026-03-17T20:52:19.143Z] Command:       C:\Program Files\nodejs\node.exe C:\Users\iagor\AppData\Roaming\npm\node_modules\firebase-tools\lib\bin\firebase.js init
[debug] [2026-03-17T20:52:19.143Z] CLI Version:   15.10.1
[debug] [2026-03-17T20:52:19.143Z] Platform:      win32
[debug] [2026-03-17T20:52:19.143Z] Node Version:  v24.14.0
[debug] [2026-03-17T20:52:19.143Z] Time:          Tue Mar 17 2026 17:52:19 GMT-0300 (Horário Padrão de Brasília)
[debug] [2026-03-17T20:52:19.144Z] ----------------------------------------------------------------------
[debug] 
[debug] [2026-03-17T20:52:19.146Z] >>> [apiv2][query] GET https://firebase-public.firebaseio.com/cli.json [none]
[info] 
     ######## #### ########  ######## ########     ###     ######  ########
     ##        ##  ##     ## ##       ##     ##  ##   ##  ##       ##
     ######    ##  ########  ######   ########  #########  ######  ######
     ##        ##  ##    ##  ##       ##     ## ##     ##       ## ##
     ##       #### ##     ## ######## ########  ##     ##  ######  ########

You're about to initialize a Firebase project in this directory:

  C:\Users\iagor\OneDrive\Documentos\SI-Notebook\loja-whatsapp

[debug] [2026-03-17T20:52:21.345Z] <<< [apiv2][status] GET https://firebase-public.firebaseio.com/cli.json 200
[debug] [2026-03-17T20:52:21.346Z] <<< [apiv2][body] GET https://firebase-public.firebaseio.com/cli.json {"cloudBuildErrorAfter":1594252800000,"cloudBuildWarnAfter":1590019200000,"defaultNode10After":1594252800000,"minVersion":"3.0.5","node8DeploysDisabledAfter":1613390400000,"node8RuntimeDisabledAfter":1615809600000,"node8WarnAfter":1600128000000}
[debug] [2026-03-17T20:53:03.752Z] ExitPromptError: User force closed the prompt with SIGINT
    at Interface.sigint (C:\Users\iagor\AppData\Roaming\npm\node_modules\firebase-tools\node_modules\@inquirer\core\dist\commonjs\lib\create-prompt.js:101:37)
    at Interface.emit (node:events:508:28)
    at [_ttyWrite] [as _ttyWrite] (node:internal/readline/interface:1327:18)
    at ReadStream.onkeypress (node:internal/readline/interface:284:20)
    at ReadStream.emit (node:events:520:35)
    at emitKeys (node:internal/readline/utils:371:14)
    at emitKeys.next (<anonymous>)
    at ReadStream.onData (node:internal/readline/emitKeypressEvents:64:36)
    at ReadStream.emit (node:events:508:28)
    at addChunk (node:internal/streams/readable:563:12)
[error] 
[error] Error: An unexpected error has occurred.
